<?xml version="1.0" encoding="UTF-8"?>
<testsuite name="calculadoraMockTest.CalculadoraMockTest" tests="1" skipped="0" failures="0" errors="0" timestamp="2021-02-22T11:44:21" hostname="DESKTOP-7KR2S77" time="0.025">
  <properties/>
  <testcase name="verify_factorial_test" classname="calculadoraMockTest.CalculadoraMockTest" time="0.025"/>
  <system-out><![CDATA[]]></system-out>
  <system-err><![CDATA[]]></system-err>
</testsuite>
