<?xml version="1.0" encoding="UTF-8"?>
<testsuite name="calculadoraTest.SumaTest" tests="6" skipped="0" failures="0" errors="0" timestamp="2021-02-22T11:44:21" hostname="DESKTOP-7KR2S77" time="0.007">
  <properties/>
  <testcase name="sumarPares" classname="calculadoraTest.SumaTest" time="0.0"/>
  <testcase name="sumarImpares" classname="calculadoraTest.SumaTest" time="0.0"/>
  <testcase name="sumarParesImpares" classname="calculadoraTest.SumaTest" time="0.0"/>
  <testcase name="sumarPares" classname="calculadoraTest.SumaTest" time="0.0"/>
  <testcase name="sumarImpares" classname="calculadoraTest.SumaTest" time="0.0"/>
  <testcase name="sumarParesImpares" classname="calculadoraTest.SumaTest" time="0.0"/>
  <system-out><![CDATA[]]></system-out>
  <system-err><![CDATA[]]></system-err>
</testsuite>
