<?xml version="1.0" encoding="UTF-8"?>
<testsuite name="calcularNotasTest.CalcularNotaParametros" tests="36" skipped="0" failures="0" errors="0" timestamp="2021-02-22T11:44:21" hostname="DESKTOP-7KR2S77" time="0.023">
  <properties/>
  <testcase name="verify_suma_all_values[0]" classname="calcularNotasTest.CalcularNotaParametros" time="0.001"/>
  <testcase name="verify_suma_all_values[1]" classname="calcularNotasTest.CalcularNotaParametros" time="0.0"/>
  <testcase name="verify_suma_all_values[2]" classname="calcularNotasTest.CalcularNotaParametros" time="0.0"/>
  <testcase name="verify_suma_all_values[3]" classname="calcularNotasTest.CalcularNotaParametros" time="0.0"/>
  <testcase name="verify_suma_all_values[4]" classname="calcularNotasTest.CalcularNotaParametros" time="0.0"/>
  <testcase name="verify_suma_all_values[5]" classname="calcularNotasTest.CalcularNotaParametros" time="0.0"/>
  <testcase name="verify_suma_all_values[6]" classname="calcularNotasTest.CalcularNotaParametros" time="0.0"/>
  <testcase name="verify_suma_all_values[7]" classname="calcularNotasTest.CalcularNotaParametros" time="0.0"/>
  <testcase name="verify_suma_all_values[8]" classname="calcularNotasTest.CalcularNotaParametros" time="0.0"/>
  <testcase name="verify_suma_all_values[9]" classname="calcularNotasTest.CalcularNotaParametros" time="0.0"/>
  <testcase name="verify_suma_all_values[10]" classname="calcularNotasTest.CalcularNotaParametros" time="0.0"/>
  <testcase name="verify_suma_all_values[11]" classname="calcularNotasTest.CalcularNotaParametros" time="0.0"/>
  <testcase name="verify_suma_all_values[12]" classname="calcularNotasTest.CalcularNotaParametros" time="0.0"/>
  <testcase name="verify_suma_all_values[13]" classname="calcularNotasTest.CalcularNotaParametros" time="0.0"/>
  <testcase name="verify_suma_all_values[14]" classname="calcularNotasTest.CalcularNotaParametros" time="0.0"/>
  <testcase name="verify_suma_all_values[15]" classname="calcularNotasTest.CalcularNotaParametros" time="0.004"/>
  <testcase name="verify_suma_all_values[16]" classname="calcularNotasTest.CalcularNotaParametros" time="0.0"/>
  <testcase name="verify_suma_all_values[17]" classname="calcularNotasTest.CalcularNotaParametros" time="0.0"/>
  <testcase name="verify_suma_all_values[18]" classname="calcularNotasTest.CalcularNotaParametros" time="0.0"/>
  <testcase name="verify_suma_all_values[19]" classname="calcularNotasTest.CalcularNotaParametros" time="0.0"/>
  <testcase name="verify_suma_all_values[20]" classname="calcularNotasTest.CalcularNotaParametros" time="0.001"/>
  <testcase name="verify_suma_all_values[21]" classname="calcularNotasTest.CalcularNotaParametros" time="0.0"/>
  <testcase name="verify_suma_all_values[22]" classname="calcularNotasTest.CalcularNotaParametros" time="0.0"/>
  <testcase name="verify_suma_all_values[23]" classname="calcularNotasTest.CalcularNotaParametros" time="0.0"/>
  <testcase name="verify_suma_all_values[24]" classname="calcularNotasTest.CalcularNotaParametros" time="0.001"/>
  <testcase name="verify_suma_all_values[25]" classname="calcularNotasTest.CalcularNotaParametros" time="0.0"/>
  <testcase name="verify_suma_all_values[26]" classname="calcularNotasTest.CalcularNotaParametros" time="0.0"/>
  <testcase name="verify_suma_all_values[27]" classname="calcularNotasTest.CalcularNotaParametros" time="0.0"/>
  <testcase name="verify_suma_all_values[28]" classname="calcularNotasTest.CalcularNotaParametros" time="0.0"/>
  <testcase name="verify_suma_all_values[29]" classname="calcularNotasTest.CalcularNotaParametros" time="0.0"/>
  <testcase name="verify_suma_all_values[30]" classname="calcularNotasTest.CalcularNotaParametros" time="0.0"/>
  <testcase name="verify_suma_all_values[31]" classname="calcularNotasTest.CalcularNotaParametros" time="0.0"/>
  <testcase name="verify_suma_all_values[32]" classname="calcularNotasTest.CalcularNotaParametros" time="0.0"/>
  <testcase name="verify_suma_all_values[33]" classname="calcularNotasTest.CalcularNotaParametros" time="0.001"/>
  <testcase name="verify_suma_all_values[34]" classname="calcularNotasTest.CalcularNotaParametros" time="0.0"/>
  <testcase name="verify_suma_all_values[35]" classname="calcularNotasTest.CalcularNotaParametros" time="0.0"/>
  <system-out><![CDATA[]]></system-out>
  <system-err><![CDATA[]]></system-err>
</testsuite>
